
=== Tue Jan 15 17:19:34 2019

Packages were changed.
Update Mode: updateDependencies

The following packages were added:
  com.unity.collab-proxy@1.2.15
The following packages were updated:
  com.unity.analytics from version 2.0.16 to 3.2.2
  com.unity.package-manager-ui from version 1.9.11 to 2.0.3
  com.unity.render-pipelines.core from version 3.0.0-preview to 4.1.0-preview
  com.unity.render-pipelines.lightweight from version 3.0.0-preview to 4.1.0-preview
  com.unity.shadergraph from version 3.0.0-preview to 4.1.0-preview
  com.unity.textmeshpro from version 1.2.4 to 1.3.0
  com.unity.xr.oculus.android from version 1.24.0 to 1.29.1
The following packages were removed:
  com.unity.standardevents@1.0.13

=== Tue Jan 15 18:04:07 2019

Packages were changed.
Update Mode: resetToDefaultDependencies

The following packages were added:
  com.unity.purchasing@2.0.3
  com.unity.ads@2.0.8
  com.unity.modules.vehicles@1.0.0
The following packages were removed:
  com.unity.postprocessing@2.0.15-preview
  com.unity.probuilder@3.0.9
  com.unity.render-pipelines.core@4.1.0-preview
  com.unity.render-pipelines.lightweight@4.1.0-preview
  com.unity.shadergraph@4.1.0-preview
  com.unity.vectorgraphics@1.0.0-preview.21
  com.unity.xr.oculus.android@1.29.1

=== Wed Jan 16 13:52:53 2019

Packages were changed.
Update Mode: updateDependencies

The following packages were added:
  com.unity.collab-proxy@1.2.15
The following packages were updated:
  com.unity.analytics from version 2.0.16 to 3.2.2
  com.unity.package-manager-ui from version 1.9.11 to 2.0.3
  com.unity.render-pipelines.core from version 3.0.0-preview to 4.1.0-preview
  com.unity.render-pipelines.lightweight from version 3.0.0-preview to 4.1.0-preview
  com.unity.shadergraph from version 3.0.0-preview to 4.1.0-preview
  com.unity.textmeshpro from version 1.2.4 to 1.3.0
  com.unity.xr.oculus.android from version 1.24.0 to 1.29.1
The following packages were removed:
  com.unity.standardevents@1.0.13

=== Mon Jun  3 17:41:51 2019

Packages were changed.
Update Mode: updateDependencies

The following packages were added:
  com.unity.collab-proxy@1.2.15
The following packages were updated:
  com.unity.analytics from version 2.0.16 to 3.2.2
  com.unity.package-manager-ui from version 1.9.11 to 2.0.3
  com.unity.render-pipelines.core from version 3.0.0-preview to 4.1.0-preview
  com.unity.render-pipelines.lightweight from version 3.0.0-preview to 4.1.0-preview
  com.unity.shadergraph from version 3.0.0-preview to 4.1.0-preview
  com.unity.textmeshpro from version 1.2.4 to 1.3.0
  com.unity.xr.oculus.android from version 1.24.0 to 1.29.1
The following packages were removed:
  com.unity.standardevents@1.0.13

=== Mon Jun  3 18:34:50 2019

Packages were changed.
Update Mode: updateDependencies

The following packages were added:
  com.unity.timeline@1.0.0
  com.unity.multiplayer-hlapi@1.0.2
  com.unity.xr.legacyinputhelpers@2.0.2
The following packages were updated:
  com.unity.analytics from version 3.2.2 to 3.3.2
  com.unity.cinemachine from version 2.2.8 to 2.3.3
  com.unity.collab-proxy from version 1.2.15 to 1.2.16
  com.unity.package-manager-ui from version 2.0.3 to 2.1.2
  com.unity.postprocessing from version 2.1.3 to 2.1.4
  com.unity.purchasing from version 2.0.3 to 2.0.6
  com.unity.render-pipelines.core from version 4.1.0-preview to 5.7.2
  com.unity.render-pipelines.lightweight from version 4.1.0-preview to 5.7.2
  com.unity.shadergraph from version 4.1.0-preview to 5.7.2
  com.unity.textmeshpro from version 1.3.0 to 2.0.1
